<?xml version="1.0" encoding="UTF-8"?>
<!-- Generated by org.testng.reporters.JUnitReportReporter -->
<testsuite hostname="sjcho88-PC" failures="0" tests="1" name="edu.Appium.T010" time="29.498" errors="0" timestamp="2025-03-13T13:10:11 KST" skipped="0">
  <testcase classname="edu.Appium.T010" name="testAppLaunch" time="29.498"/>
  <system-out/>
</testsuite> <!-- edu.Appium.T010 -->
