<?xml version="1.0" encoding="UTF-8"?>
<!-- Generated by org.testng.reporters.JUnitReportReporter -->
<testsuite hostname="sjcho88-PC" failures="0" tests="1" name="edu.Appium.T011" time="77.778" errors="0" timestamp="2025-03-13T14:32:49 KST" skipped="0">
  <testcase classname="edu.Appium.T011" name="testAppLaunch" time="77.778"/>
  <system-out/>
</testsuite> <!-- edu.Appium.T011 -->
