<?xml version="1.0" encoding="UTF-8"?>
<!-- Generated by org.testng.reporters.JUnitReportReporter -->
<testsuite hostname="sjcho88-PC" failures="0" tests="1" name="edu.Appium.T012" time="3.230" errors="0" timestamp="2025-03-14T10:24:32 KST" skipped="0">
  <testcase classname="edu.Appium.T012" name="testAppLaunch" time="3.230"/>
  <system-out/>
</testsuite> <!-- edu.Appium.T012 -->
