<?xml version="1.0" encoding="UTF-8"?>
<!-- Generated by org.testng.reporters.JUnitReportReporter -->
<testsuite hostname="sjcho88-PC" failures="0" tests="2" name="school.T011" time="71.143" errors="1" timestamp="2025-03-17T10:15:09 KST" skipped="0">
  <testcase classname="school.T011" name="tearDown" time="10.755">
    <error message="Session ID is null. Using WebDriver after calling quit()?
Build info: version: &#039;4.29.0&#039;, revision: &#039;5fc1ec94cb&#039;
System info: os.name: &#039;Windows 10&#039;, os.arch: &#039;amd64&#039;, os.version: &#039;10.0&#039;, java.version: &#039;23.0.2&#039;
Driver info: io.appium.java_client.android.AndroidDriver
Command: [null, executeScript {script=mobile: terminateApp, args=[{appId=com.nhn.android.search, bundleId=com.nhn.android.search}]}]
Capabilities {appium:appActivity: .ui.pages.SearchHomePage, appium:appPackage: com.nhn.android.search, appium:automationName: UiAutomator2, appium:databaseEnabled: false, appium:desired: {appActivity: .ui.pages.SearchHomePage, appPackage: com.nhn.android.search, automationName: UiAutomator2, deviceName: R3CN3019Z4P, noReset: true, platformName: ANDROID}, appium:deviceApiLevel: 33, appium:deviceManufacturer: samsung, appium:deviceModel: SM-G988N, appium:deviceName: R3CN3019Z4P, appium:deviceScreenDensity: 420, appium:deviceScreenSize: 1080x2400, appium:deviceUDID: R3CN3019Z4P, appium:javascriptEnabled: true, appium:locationContextEnabled: false, appium:networkConnectionEnabled: true, appium:noReset: true, appium:pixelRatio: 2.625, appium:platformVersion: 13, appium:statBarHeight: 74, appium:takesScreenshot: true, appium:viewportRect: {height: 2326, left: 0, top: 74, width: 1080}, appium:warnings: {}, appium:webStorageEnabled: false, platformName: ANDROID}" type="org.openqa.selenium.NoSuchSessionException">
      <![CDATA[org.openqa.selenium.NoSuchSessionException: Session ID is null. Using WebDriver after calling quit()?
Build info: version: '4.29.0', revision: '5fc1ec94cb'
System info: os.name: 'Windows 10', os.arch: 'amd64', os.version: '10.0', java.version: '23.0.2'
Driver info: io.appium.java_client.android.AndroidDriver
Command: [null, executeScript {script=mobile: terminateApp, args=[{appId=com.nhn.android.search, bundleId=com.nhn.android.search}]}]
Capabilities {appium:appActivity: .ui.pages.SearchHomePage, appium:appPackage: com.nhn.android.search, appium:automationName: UiAutomator2, appium:databaseEnabled: false, appium:desired: {appActivity: .ui.pages.SearchHomePage, appPackage: com.nhn.android.search, automationName: UiAutomator2, deviceName: R3CN3019Z4P, noReset: true, platformName: ANDROID}, appium:deviceApiLevel: 33, appium:deviceManufacturer: samsung, appium:deviceModel: SM-G988N, appium:deviceName: R3CN3019Z4P, appium:deviceScreenDensity: 420, appium:deviceScreenSize: 1080x2400, appium:deviceUDID: R3CN3019Z4P, appium:javascriptEnabled: true, appium:locationContextEnabled: false, appium:networkConnectionEnabled: true, appium:noReset: true, appium:pixelRatio: 2.625, appium:platformVersion: 13, appium:statBarHeight: 74, appium:takesScreenshot: true, appium:viewportRect: {height: 2326, left: 0, top: 74, width: 1080}, appium:warnings: {}, appium:webStorageEnabled: false, platformName: ANDROID}
at org.openqa.selenium.remote.HttpCommandExecutor.execute(HttpCommandExecutor.java:176)
at io.appium.java_client.remote.AppiumCommandExecutor.execute(AppiumCommandExecutor.java:243)
at org.openqa.selenium.remote.RemoteWebDriver.execute(RemoteWebDriver.java:545)
at org.openqa.selenium.remote.RemoteWebDriver.execute(RemoteWebDriver.java:618)
at io.appium.java_client.AppiumDriver.execute(AppiumDriver.java:230)
at io.appium.java_client.CommandExecutionHelper.execute(CommandExecutionHelper.java:36)
at io.appium.java_client.CommandExecutionHelper.executeScript(CommandExecutionHelper.java:67)
at io.appium.java_client.InteractsWithApps.terminateApp(InteractsWithApps.java:265)
at io.appium.java_client.InteractsWithApps.terminateApp(InteractsWithApps.java:246)
at school.T011.tearDown(T011.java:73)
at java.base/jdk.internal.reflect.DirectMethodHandleAccessor.invoke(DirectMethodHandleAccessor.java:103)
at java.base/java.lang.reflect.Method.invoke(Method.java:580)
at org.testng.internal.MethodInvocationHelper.invokeMethod(MethodInvocationHelper.java:133)
at org.testng.internal.MethodInvocationHelper.invokeMethodConsideringTimeout(MethodInvocationHelper.java:62)
at org.testng.internal.ConfigInvoker.invokeConfigurationMethod(ConfigInvoker.java:385)
at org.testng.internal.ConfigInvoker.invokeConfigurations(ConfigInvoker.java:321)
at org.testng.internal.TestMethodWorker.invokeAfterClassMethods(TestMethodWorker.java:217)
at org.testng.internal.TestMethodWorker.run(TestMethodWorker.java:130)
at java.base/java.util.ArrayList.forEach(ArrayList.java:1597)
at org.testng.TestRunner.privateRun(TestRunner.java:794)
at org.testng.TestRunner.run(TestRunner.java:596)
at org.testng.SuiteRunner.runTest(SuiteRunner.java:377)
at org.testng.SuiteRunner.runSequentially(SuiteRunner.java:371)
at org.testng.SuiteRunner.privateRun(SuiteRunner.java:332)
at org.testng.SuiteRunner.run(SuiteRunner.java:276)
at org.testng.SuiteRunnerWorker.runSuite(SuiteRunnerWorker.java:53)
at org.testng.SuiteRunnerWorker.run(SuiteRunnerWorker.java:96)
at org.testng.TestNG.runSuitesSequentially(TestNG.java:1212)
at org.testng.TestNG.runSuitesLocally(TestNG.java:1134)
at org.testng.TestNG.runSuites(TestNG.java:1063)
at org.testng.TestNG.run(TestNG.java:1031)
at org.testng.remote.AbstractRemoteTestNG.run(AbstractRemoteTestNG.java:115)
at org.testng.remote.RemoteTestNG.initAndRun(RemoteTestNG.java:293)
at org.testng.remote.RemoteTestNG.main(RemoteTestNG.java:91)
]]>
    </error>
  </testcase> <!-- tearDown -->
  <system-out/>
  <testcase classname="school.T011" name="testAppLaunch" time="60.388"/>
  <system-out/>
</testsuite> <!-- school.T011 -->
