<?xml version="1.0" encoding="UTF-8"?>
<!-- Generated by org.testng.reporters.JUnitReportReporter -->
<testsuite hostname="sjcho88-PC" failures="0" tests="2" name="edu.Appium.T1" time="64.898" errors="0" timestamp="2025-03-18T11:09:34 KST" skipped="0">
  <testcase classname="edu.Appium.T1" name="비밀번호유효성체크" time="41.053"/>
  <system-out/>
  <testcase classname="edu.Appium.T1" name="학년별로그인" time="23.845"/>
  <system-out/>
</testsuite> <!-- edu.Appium.T1 -->
