<?xml version="1.0" encoding="UTF-8"?>
<!-- Generated by org.testng.reporters.JUnitReportReporter -->
<testsuite hostname="sjcho88-PC" failures="0" tests="1" name="edu.Appium.T004" time="43.001" errors="0" timestamp="2025-03-12T10:12:46 KST" skipped="0">
  <testcase classname="edu.Appium.T004" name="testAppLaunch" time="43.001"/>
  <system-out/>
</testsuite> <!-- edu.Appium.T004 -->
