<?xml version="1.0" encoding="UTF-8"?>
<!-- Generated by org.testng.reporters.JUnitReportReporter -->
<testsuite hostname="sjcho88-PC" failures="0" tests="1" name="edu.Appium.T007" time="6.723" errors="0" timestamp="2025-03-12T13:37:42 KST" skipped="0">
  <testcase classname="edu.Appium.T007" name="testOnboardingSwipe" time="6.723"/>
  <system-out/>
</testsuite> <!-- edu.Appium.T007 -->
