<?xml version="1.0" encoding="UTF-8"?>
<!-- Generated by org.testng.reporters.JUnitReportReporter -->
<testsuite hostname="sjcho88-PC" failures="0" tests="2" name="edu.Appium.T13" time="3.276" errors="0" timestamp="2025-03-14T14:19:35 KST" skipped="0">
  <testcase classname="edu.Appium.T13" name="네이버_로그인" time="2.439"/>
  <system-out/>
  <testcase classname="edu.Appium.T13" name="카카오_로그인" time="0.837"/>
  <system-out/>
</testsuite> <!-- edu.Appium.T13 -->
