<?xml version="1.0" encoding="UTF-8"?>
<!-- Generated by org.testng.reporters.JUnitReportReporter -->
<testsuite hostname="sjcho88-PC" failures="0" tests="1" name="edu.Appium.T005" time="8.967" errors="0" timestamp="2025-03-12T11:04:08 KST" skipped="0">
  <testcase classname="edu.Appium.T005" name="testAppLaunch" time="8.967"/>
  <system-out/>
</testsuite> <!-- edu.Appium.T005 -->
