<?xml version="1.0" encoding="UTF-8"?>
<!-- Generated by org.testng.reporters.JUnitReportReporter -->
<testsuite hostname="sjcho88-PC" failures="0" tests="1" name="edu.Appium.T002" time="43.740" errors="0" timestamp="2025-03-18T18:25:56 KST" skipped="0">
  <testcase classname="edu.Appium.T002" name="속담의달인" time="43.740"/>
</testsuite> <!-- edu.Appium.T002 -->
