<?xml version="1.0" encoding="UTF-8"?>
<!-- Generated by org.testng.reporters.JUnitReportReporter -->
<testsuite hostname="sjcho88-PC" failures="0" tests="2" name="edu.Appium.Install" time="18.167" errors="0" timestamp="2025-03-18T13:13:22 KST" skipped="0">
  <testcase classname="edu.Appium.Install" name="앱사용권한체크" time="3.532"/>
  <testcase classname="edu.Appium.Install" name="학부모에게_요청하여_앱_사용하기" time="14.635"/>
</testsuite> <!-- edu.Appium.Install -->
