<?xml version="1.0" encoding="UTF-8"?>
<!-- Generated by org.testng.reporters.JUnitReportReporter -->
<testsuite hostname="sjcho88-PC" failures="0" tests="2" name="edu.Appium.T001" time="68.887" errors="0" timestamp="2025-03-18T13:13:22 KST" skipped="0">
  <testcase classname="edu.Appium.T001" name="비밀번호유효성체크" time="45.099"/>
  <testcase classname="edu.Appium.T001" name="학년별로그인" time="23.788"/>
</testsuite> <!-- edu.Appium.T001 -->
